K-FileManager 3.0 release/proguard.cfg
-optimizationpasses 5
-libraryjars libs/android-support-v4.jar
-libraryjars libs/stringtree-json-2.0.9.jar
-dontusemixedcaseclassnames
-dontskipnonpubliclibraryclasses

-dontpreverify
-verbose
-optimizations !code/simplification/arithmetic,!field/*,!class/merging/*
-dontwarn android.support.**
-dontwarn org.stringtree.json.**
                             
-dontwarn **CompatHoneycomb
-dontwarn **CompatHoneycombMR2
-dontwarn **CompatCreatorHoneycombMR2


-keep public class * extends android.app.Activity
-keep public class * extends android.app.Application
-keep public class * extends android.app.Service
-keep public class * extends android.content.BroadcastReceiver
-keep public class * extends android.content.ContentProvider
-keep public class * extends android.app.backup.BackupAgentHelper
-keep public class * extends android.preference.Preference
-keep public class com.android.vending.licensing.ILicensingService

-keepclasseswithmembernames class * {
    native <methods>;
}
-keep class de.innosystec.unrar.** { *; }
-keep class android.support.v4.** { *; }
-keep public class com.kenny.KFileManager.R$*{
        public static final int *;
}
-keep public class com.kenny.swiftp.WidgetProvider { }
-keep public class com.kenny.file.Receiver.PackageReceiver { }
-keep public class com.umeng.fb.ui.ThreadView {}
 
 -keepclassmembers class * {
   public <init>(org.json.JSONObject);
}
-keepclasseswithmembers class * {
    public <init>(android.content.Context, android.util.AttributeSet);
}

-keepclasseswithmembers class * {
    public <init>(android.content.Context, android.util.AttributeSet, int);
}

-keepclassmembers class * extends android.app.Activity {
   public void *(android.view.View);
}

-keepclassmembers enum * {
    public static **[] values();
    public static ** valueOf(java.lang.String);
}

-keep class * implements android.os.Parcelable {
  public static final android.os.Parcelable$Creator *;
}
-keep class com.baidu.*.*