K-FileManager 3.0 release/proguard/mapping.txt
com.kenny.ftp.client.FTPClient$1 -> com.kenny.a.a.d:
    com.kenny.ftp.client.FTPClient this$0 -> a
    void onClick(android.view.View) -> onClick
com.kenny.ftp.client.FTPClient$2 -> com.kenny.a.a.e:
    com.kenny.ftp.client.FTPClient this$0 -> a
    void onClick(android.view.View) -> onClick
com.kenny.ftp.client.FTPClient$3 -> com.kenny.a.a.f:
    com.kenny.ftp.client.FTPClient this$0 -> a
    void onClick(android.view.View) -> onClick
com.kenny.ftp.client.FTPClient$4 -> com.kenny.a.a.g:
    com.kenny.ftp.client.FTPClient this$0 -> a
    void onClick(android.view.View) -> onClick
com.kenny.ftp.client.FTPClient$7 -> com.kenny.a.a.h:
    com.kenny.ftp.client.FTPClient this$0 -> a
    void onItemClick(android.widget.AdapterView,android.view.View,int,long) -> onItemClick
com.kenny.ftp.client.FTPClient$8 -> com.kenny.a.a.i:
    com.kenny.ftp.client.FTPClient this$0 -> b
    android.app.ProgressDialog val$myDialog -> c
    void ok() -> a
com.kenny.ftp.client.FTPClient$8$1 -> com.kenny.a.a.j:
    com.kenny.ftp.client.FTPClient$8 this$1 -> b
    android.app.ProgressDialog val$myDialog -> c
    void ok() -> a
com.kenny.ftp.client.FTPClient$9 -> com.kenny.a.a.k:
    com.kenny.ftp.client.FTPClient this$0 -> b
    java.lang.String val$path -> c
    android.app.ProgressDialog val$myDialog -> d
    void ok() -> a
com.kenny.ftp.client.FTPClient$9$1 -> com.kenny.a.a.l:
    com.kenny.ftp.client.FTPClient$9 this$1 -> b
    android.app.ProgressDialog val$myDialog -> c
    void ok() -> a
com.kenny.ftp.client.RemoteAdapter -> com.kenny.a.a.m:
    java.util.List list -> a
    android.view.LayoutInflater inflater -> b
    android.graphics.Bitmap mImage -> c
    android.graphics.Bitmap mAudio -> d
    android.graphics.Bitmap mRar -> e
    android.graphics.Bitmap mVideo -> f
    android.graphics.Bitmap mFolder -> g
    android.graphics.Bitmap mApk -> h
    android.graphics.Bitmap mOthers -> i
    android.graphics.Bitmap mTxt -> j
    android.graphics.Bitmap mWeb -> k
    android.graphics.Bitmap mDoc -> l
    int getCount() -> getCount
    java.lang.Object getItem(int) -> getItem
    long getItemId(int) -> getItemId
    android.view.View getView(int,android.view.View,android.view.ViewGroup) -> getView
com.kenny.ftp.client.RemoteAdapter$ViewHolder -> com.kenny.a.a.n:
    android.widget.ImageView icon -> b
    android.widget.TextView fileName -> c
    android.widget.TextView fileSize -> d
    com.kenny.ftp.client.RemoteAdapter this$0 -> a
    void access$1(com.kenny.ftp.client.RemoteAdapter$ViewHolder,android.widget.ImageView) -> a
    void access$2(com.kenny.ftp.client.RemoteAdapter$ViewHolder,android.widget.TextView) -> a
    void access$3(com.kenny.ftp.client.RemoteAdapter$ViewHolder,android.widget.TextView) -> b
    android.widget.TextView access$4(com.kenny.ftp.client.RemoteAdapter$ViewHolder) -> a
    android.widget.ImageView access$5(com.kenny.ftp.client.RemoteAdapter$ViewHolder) -> b
    android.widget.TextView access$6(com.kenny.ftp.client.RemoteAdapter$ViewHolder) -> c
com.kenny.ftp.client.Result -> com.kenny.a.a.o:
    java.lang.String response -> a
    boolean succeed -> b
    java.lang.String time -> c
    java.lang.String getResponse() -> a
    boolean isSucceed() -> b
    java.lang.String getTime() -> c
com.kenny.ftp.client.Util -> com.kenny.a.a.p:
    java.lang.String getFormatSize(double) -> a
    java.lang.String getFormatTime(long) -> a
    java.lang.String convertString(java.lang.String,java.lang.String) -> a
com.kenny.swiftp.Account -> com.kenny.swiftp.a:
    java.lang.String username -> a
    java.lang.String getUsername() -> a
    void setUsername(java.lang.String) -> a
com.kenny.swiftp.CmdAPPE -> com.kenny.swiftp.b:
    java.lang.String input -> a
    void run() -> run