K-FileManager 3.0 release/proguard/usage.txt
com.umeng.analytics.b:
    void a(android.content.Context,java.lang.String)
    void d(android.content.Context)
    void a(android.content.Context,java.lang.String,java.util.Map,long)
    private synchronized void j(android.content.Context)
    private void n(android.content.Context)
    private org.json.JSONArray a(org.json.JSONObject,org.json.JSONArray)
    void a(android.content.Context,java.lang.String,java.lang.String)
    void b(android.content.Context,java.lang.String,java.lang.String)
    void a(android.content.Context,java.lang.String,java.util.Map,java.lang.String)
    void c(android.content.Context,java.lang.String,java.lang.String)
com.umeng.analytics.b$a:
    b$a(com.umeng.analytics.b,android.content.Context,java.lang.String,java.util.Map,long,int)
    b$a(com.umeng.analytics.b,android.content.Context,java.lang.String,java.util.Map,java.lang.String,int)
com.umeng.analytics.d:
    static final java.lang.String a
    static final java.lang.String b
    static final java.lang.String c
    static final int e
    static final int f
    static final java.lang.String m
    static final java.lang.String o
    static final java.lang.String p
    static final java.lang.String r
    static final java.lang.String s
    static final java.lang.String t
    static final java.lang.String u
    static final java.lang.String v
    static final java.lang.String w
    static final java.lang.String x
    static final java.lang.String y
    static final java.lang.String z
    d()
com.umeng.analytics.e:
    e()
com.umeng.analytics.f:
    f()
com.umeng.analytics.g:
    private static final int b
    public g(android.content.Context,java.lang.String,int)
    public int b()
com.umeng.common.Log:
    public Log()
    public static void d(java.lang.String,java.lang.String)
    public static void d(java.lang.String,java.lang.String,java.lang.Exception)
    public static void e(java.lang.String,java.lang.String,java.lang.Exception)
com.umeng.common.a
com.umeng.common.a.a:
    public a()
com.umeng.common.a.b:
    public b()
com.umeng.common.b:
    protected static final java.lang.String b
    private static final java.lang.String d
    private static final java.lang.String e
    public static final int c
    public static boolean a(java.lang.String,android.content.Context)
    public static boolean a(android.content.Context)
    public static java.util.Set b(android.content.Context)
    public static boolean c(android.content.Context)
    public static java.lang.String[] a(javax.microedition.khronos.opengles.GL10)
    public static java.lang.String h(android.content.Context)
    public static java.lang.String i(android.content.Context)
    public static java.lang.String a(java.util.Date)
    public static java.util.Date a(java.lang.String)
    public static int a(java.util.Date,java.util.Date)
com.umeng.common.b.a
com.umeng.common.b.b
com.umeng.common.b.c
com.umeng.common.b.d
com.umeng.common.b.e
com.umeng.common.b.f:
    public f()
    public static java.lang.String a(byte[],java.lang.String)
com.umeng.common.b.g:
    private static final java.lang.String b
    public g()
    public static java.lang.String a(android.content.Context,long)
    public static void a(android.content.Context,java.lang.String)
    public static boolean b(android.content.Context,java.lang.String)
    public static boolean d(java.lang.String)
com.umeng.common.b.h
com.umeng.common.b.i
com.umeng.common.c:
    public int a(java.lang.String)
    public int e(java.lang.String)
com.umeng.common.net.DownloadingService:
    static final int a
    static final int b
    static final int c
    static final int d
    static final int e
    static final int f
    static final java.lang.String g
com.umeng.common.net.DownloadingService$a:
    private static final long j
com.umeng.common.net.a:
    public void a(java.lang.String[])